<?xml version="1.0" encoding="UTF-8"?>
<!-- Generated by org.testng.reporters.JUnitReportReporter -->
<testsuite hostname="JayashreeGovarthanarayanan-2018MacBookPro" failures="0" tests="1" name="week2.day1.Launchbrowser" time="3.334" errors="0" timestamp="01 Nov 2020 16:21:14 GMT" skipped="0">
  <testcase classname="week2.day1.Launchbrowser" name="browser" time="3.334"/>
</testsuite> <!-- week2.day1.Launchbrowser -->
