<?xml version="1.0" encoding="UTF-8"?>
<!-- Generated by org.testng.reporters.JUnitReportReporter -->
<testsuite hostname="JayashreeGovarthanarayanan-2018MacBookPro" failures="0" tests="4" name="week6.day1.FourFunctions" time="0.009" errors="0" timestamp="07 Nov 2020 14:30:19 GMT" skipped="0">
  <testcase classname="week6.day1.FourFunctions" name="core" time="0.001"/>
  <testcase classname="week6.day1.FourFunctions" name="procurement" time="0.002"/>
  <testcase classname="week6.day1.FourFunctions" name="procurement1" time="0.000"/>
  <testcase classname="week6.day1.FourFunctions" name="Platform" time="0.006"/>
</testsuite> <!-- week6.day1.FourFunctions -->
