<?xml version="1.0" encoding="UTF-8"?>
<!-- Generated by org.testng.reporters.JUnitReportReporter -->
<testsuite hostname="JayashreeGovarthanarayanan-2018MacBookPro" failures="0" tests="4" name="week6.day1.DependsOn" time="0.010" errors="0" timestamp="07 Nov 2020 14:41:57 GMT" skipped="0">
  <testcase classname="week6.day1.DependsOn" name="Payments" time="0.001"/>
  <testcase classname="week6.day1.DependsOn" name="integrations" time="0.001"/>
  <testcase classname="week6.day1.DependsOn" name="Pay" time="0.007"/>
  <testcase classname="week6.day1.DependsOn" name="supplier" time="0.001"/>
</testsuite> <!-- week6.day1.DependsOn -->
