<?xml version="1.0" encoding="UTF-8"?>
<!-- Generated by org.testng.reporters.JUnitReportReporter -->
<testsuite hostname="JayashreeGovarthanarayanan-2018MacBookPro" failures="0" tests="1" name="week6.day2.SendExcelBrowser" time="0.000" errors="0" timestamp="08 Nov 2020 15:43:19 GMT" skipped="1">
  <testcase classname="week6.day2.SendExcelBrowser" name="bankDataProvider" time="0.000">
    <skipped/>
  </testcase> <!-- bankDataProvider -->
</testsuite> <!-- week6.day2.SendExcelBrowser -->
